{"/home/mikhail/WebstormProjects/nodejs-school2/index.js": {"path":"/home/mikhail/WebstormProjects/nodejs-school2/index.js","statementMap":{"0":{"start":{"line":13,"column":19},"end":{"line":13,"column":55}},"1":{"start":{"line":14,"column":18},"end":{"line":14,"column":53}},"2":{"start":{"line":15,"column":19},"end":{"line":15,"column":55}},"3":{"start":{"line":21,"column":23},"end":{"line":21,"column":24}},"4":{"start":{"line":22,"column":4},"end":{"line":26,"column":5}},"5":{"start":{"line":23,"column":8},"end":{"line":25,"column":9}},"6":{"start":{"line":24,"column":12},"end":{"line":24,"column":27}},"7":{"start":{"line":28,"column":4},"end":{"line":28,"column":30}},"8":{"start":{"line":29,"column":4},"end":{"line":31,"column":5}},"9":{"start":{"line":30,"column":8},"end":{"line":30,"column":49}},"10":{"start":{"line":32,"column":4},"end":{"line":36,"column":5}},"11":{"start":{"line":33,"column":8},"end":{"line":33,"column":51}},"12":{"start":{"line":35,"column":8},"end":{"line":35,"column":42}},"13":{"start":{"line":37,"column":4},"end":{"line":43,"column":5}},"14":{"start":{"line":38,"column":8},"end":{"line":38,"column":43}},"15":{"start":{"line":39,"column":11},"end":{"line":43,"column":5}},"16":{"start":{"line":40,"column":8},"end":{"line":40,"column":27}},"17":{"start":{"line":42,"column":8},"end":{"line":42,"column":49}},"18":{"start":{"line":44,"column":4},"end":{"line":50,"column":5}},"19":{"start":{"line":45,"column":8},"end":{"line":45,"column":45}},"20":{"start":{"line":46,"column":11},"end":{"line":50,"column":5}},"21":{"start":{"line":47,"column":8},"end":{"line":47,"column":29}},"22":{"start":{"line":49,"column":8},"end":{"line":49,"column":51}},"23":{"start":{"line":51,"column":4},"end":{"line":53,"column":5}},"24":{"start":{"line":52,"column":8},"end":{"line":52,"column":55}},"25":{"start":{"line":56,"column":4},"end":{"line":56,"column":61}},"26":{"start":{"line":57,"column":4},"end":{"line":59,"column":7}},"27":{"start":{"line":58,"column":8},"end":{"line":58,"column":19}}},"fnMap":{"0":{"name":"main","decl":{"start":{"line":12,"column":16},"end":{"line":12,"column":20}},"loc":{"start":{"line":12,"column":52},"end":{"line":60,"column":1}},"line":12},"1":{"name":"(anonymous_1)","decl":{"start":{"line":57,"column":29},"end":{"line":57,"column":30}},"loc":{"start":{"line":57,"column":35},"end":{"line":59,"column":5}},"line":57}},"branchMap":{"0":{"loc":{"start":{"line":23,"column":8},"end":{"line":25,"column":9}},"type":"if","locations":[{"start":{"line":23,"column":8},"end":{"line":25,"column":9}},{"start":{},"end":{}}],"line":23},"1":{"loc":{"start":{"line":29,"column":4},"end":{"line":31,"column":5}},"type":"if","locations":[{"start":{"line":29,"column":4},"end":{"line":31,"column":5}},{"start":{},"end":{}}],"line":29},"2":{"loc":{"start":{"line":32,"column":4},"end":{"line":36,"column":5}},"type":"if","locations":[{"start":{"line":32,"column":4},"end":{"line":36,"column":5}},{"start":{"line":34,"column":11},"end":{"line":36,"column":5}}],"line":32},"3":{"loc":{"start":{"line":37,"column":4},"end":{"line":43,"column":5}},"type":"if","locations":[{"start":{"line":37,"column":4},"end":{"line":43,"column":5}},{"start":{"line":39,"column":11},"end":{"line":43,"column":5}}],"line":37},"4":{"loc":{"start":{"line":39,"column":11},"end":{"line":43,"column":5}},"type":"if","locations":[{"start":{"line":39,"column":11},"end":{"line":43,"column":5}},{"start":{"line":41,"column":11},"end":{"line":43,"column":5}}],"line":39},"5":{"loc":{"start":{"line":44,"column":4},"end":{"line":50,"column":5}},"type":"if","locations":[{"start":{"line":44,"column":4},"end":{"line":50,"column":5}},{"start":{"line":46,"column":11},"end":{"line":50,"column":5}}],"line":44},"6":{"loc":{"start":{"line":46,"column":11},"end":{"line":50,"column":5}},"type":"if","locations":[{"start":{"line":46,"column":11},"end":{"line":50,"column":5}},{"start":{"line":48,"column":11},"end":{"line":50,"column":5}}],"line":46},"7":{"loc":{"start":{"line":51,"column":4},"end":{"line":53,"column":5}},"type":"if","locations":[{"start":{"line":51,"column":4},"end":{"line":53,"column":5}},{"start":{},"end":{}}],"line":51}},"s":{"0":7,"1":7,"2":7,"3":7,"4":7,"5":21,"6":10,"7":7,"8":5,"9":1,"10":4,"11":1,"12":3,"13":3,"14":1,"15":2,"16":1,"17":1,"18":2,"19":1,"20":1,"21":0,"22":1,"23":1,"24":0,"25":1,"26":1,"27":1},"f":{"0":7,"1":1},"b":{"0":[10,11],"1":[1,4],"2":[1,3],"3":[1,2],"4":[1,1],"5":[1,1],"6":[0,1],"7":[0,1]},"_coverageSchema":"1a1c01bbd47fc00a2c39e90264f33305004495a9","hash":"9373ec295330f445b95abb4576023055f7cd7556"}
,"/home/mikhail/WebstormProjects/nodejs-school2/my_ciphering_cli.js": {"path":"/home/mikhail/WebstormProjects/nodejs-school2/my_ciphering_cli.js","statementMap":{"0":{"start":{"line":3,"column":0},"end":{"line":8,"column":1}},"1":{"start":{"line":4,"column":4},"end":{"line":4,"column":64}},"2":{"start":{"line":6,"column":4},"end":{"line":6,"column":36}},"3":{"start":{"line":7,"column":4},"end":{"line":7,"column":20}}},"fnMap":{"0":{"name":"(anonymous_0)","decl":{"start":{"line":4,"column":54},"end":{"line":4,"column":55}},"loc":{"start":{"line":4,"column":60},"end":{"line":4,"column":62}},"line":4}},"branchMap":{},"s":{"0":0,"1":0,"2":0,"3":0},"f":{"0":0},"b":{}}
,"/home/mikhail/WebstormProjects/nodejs-school2/src/cipher/atbash.js": {"path":"/home/mikhail/WebstormProjects/nodejs-school2/src/cipher/atbash.js","statementMap":{"0":{"start":{"line":2,"column":17},"end":{"line":2,"column":19}},"1":{"start":{"line":3,"column":4},"end":{"line":20,"column":5}},"2":{"start":{"line":3,"column":17},"end":{"line":3,"column":18}},"3":{"start":{"line":4,"column":16},"end":{"line":4,"column":37}},"4":{"start":{"line":5,"column":8},"end":{"line":19,"column":9}},"5":{"start":{"line":6,"column":22},"end":{"line":6,"column":28}},"6":{"start":{"line":7,"column":12},"end":{"line":7,"column":27}},"7":{"start":{"line":8,"column":24},"end":{"line":8,"column":32}},"8":{"start":{"line":9,"column":12},"end":{"line":9,"column":48}},"9":{"start":{"line":11,"column":13},"end":{"line":19,"column":9}},"10":{"start":{"line":12,"column":22},"end":{"line":12,"column":28}},"11":{"start":{"line":13,"column":12},"end":{"line":13,"column":27}},"12":{"start":{"line":14,"column":24},"end":{"line":14,"column":32}},"13":{"start":{"line":15,"column":12},"end":{"line":15,"column":48}},"14":{"start":{"line":18,"column":12},"end":{"line":18,"column":39}},"15":{"start":{"line":21,"column":4},"end":{"line":21,"column":17}}},"fnMap":{"0":{"name":"atbash","decl":{"start":{"line":1,"column":24},"end":{"line":1,"column":30}},"loc":{"start":{"line":1,"column":40},"end":{"line":22,"column":1}},"line":1}},"branchMap":{"0":{"loc":{"start":{"line":5,"column":8},"end":{"line":19,"column":9}},"type":"if","locations":[{"start":{"line":5,"column":8},"end":{"line":19,"column":9}},{"start":{"line":11,"column":13},"end":{"line":19,"column":9}}],"line":5},"1":{"loc":{"start":{"line":5,"column":12},"end":{"line":5,"column":31}},"type":"binary-expr","locations":[{"start":{"line":5,"column":12},"end":{"line":5,"column":19}},{"start":{"line":5,"column":23},"end":{"line":5,"column":31}}],"line":5},"2":{"loc":{"start":{"line":11,"column":13},"end":{"line":19,"column":9}},"type":"if","locations":[{"start":{"line":11,"column":13},"end":{"line":19,"column":9}},{"start":{"line":17,"column":13},"end":{"line":19,"column":9}}],"line":11},"3":{"loc":{"start":{"line":11,"column":17},"end":{"line":11,"column":36}},"type":"binary-expr","locations":[{"start":{"line":11,"column":17},"end":{"line":11,"column":24}},{"start":{"line":11,"column":28},"end":{"line":11,"column":36}}],"line":11}},"s":{"0":3,"1":3,"2":3,"3":86,"4":86,"5":6,"6":6,"7":6,"8":6,"9":80,"10":57,"11":57,"12":57,"13":57,"14":23,"15":3},"f":{"0":3},"b":{"0":[6,80],"1":[86,65],"2":[57,23],"3":[80,57]},"_coverageSchema":"1a1c01bbd47fc00a2c39e90264f33305004495a9","hash":"896d559f379b131def0364e18da81554fc73ff29"}
,"/home/mikhail/WebstormProjects/nodejs-school2/src/cipher/caesar.js": {"path":"/home/mikhail/WebstormProjects/nodejs-school2/src/cipher/caesar.js","statementMap":{"0":{"start":{"line":2,"column":17},"end":{"line":2,"column":19}},"1":{"start":{"line":3,"column":4},"end":{"line":14,"column":5}},"2":{"start":{"line":3,"column":17},"end":{"line":3,"column":18}},"3":{"start":{"line":4,"column":16},"end":{"line":4,"column":37}},"4":{"start":{"line":5,"column":8},"end":{"line":13,"column":9}},"5":{"start":{"line":6,"column":12},"end":{"line":6,"column":69}},"6":{"start":{"line":8,"column":13},"end":{"line":13,"column":9}},"7":{"start":{"line":9,"column":12},"end":{"line":9,"column":69}},"8":{"start":{"line":12,"column":12},"end":{"line":12,"column":39}},"9":{"start":{"line":15,"column":4},"end":{"line":15,"column":17}},"10":{"start":{"line":19,"column":4},"end":{"line":19,"column":29}},"11":{"start":{"line":23,"column":4},"end":{"line":23,"column":41}}},"fnMap":{"0":{"name":"caesar","decl":{"start":{"line":1,"column":16},"end":{"line":1,"column":22}},"loc":{"start":{"line":1,"column":39},"end":{"line":16,"column":1}},"line":1},"1":{"name":"caesarEncode","decl":{"start":{"line":18,"column":16},"end":{"line":18,"column":28}},"loc":{"start":{"line":18,"column":38},"end":{"line":20,"column":1}},"line":18},"2":{"name":"caesarDecode","decl":{"start":{"line":22,"column":16},"end":{"line":22,"column":28}},"loc":{"start":{"line":22,"column":38},"end":{"line":24,"column":1}},"line":22}},"branchMap":{"0":{"loc":{"start":{"line":5,"column":8},"end":{"line":13,"column":9}},"type":"if","locations":[{"start":{"line":5,"column":8},"end":{"line":13,"column":9}},{"start":{"line":8,"column":13},"end":{"line":13,"column":9}}],"line":5},"1":{"loc":{"start":{"line":5,"column":12},"end":{"line":5,"column":31}},"type":"binary-expr","locations":[{"start":{"line":5,"column":12},"end":{"line":5,"column":19}},{"start":{"line":5,"column":23},"end":{"line":5,"column":31}}],"line":5},"2":{"loc":{"start":{"line":8,"column":13},"end":{"line":13,"column":9}},"type":"if","locations":[{"start":{"line":8,"column":13},"end":{"line":13,"column":9}},{"start":{"line":11,"column":13},"end":{"line":13,"column":9}}],"line":8},"3":{"loc":{"start":{"line":8,"column":17},"end":{"line":8,"column":36}},"type":"binary-expr","locations":[{"start":{"line":8,"column":17},"end":{"line":8,"column":24}},{"start":{"line":8,"column":28},"end":{"line":8,"column":36}}],"line":8}},"s":{"0":9,"1":9,"2":9,"3":260,"4":260,"5":15,"6":245,"7":176,"8":69,"9":9,"10":5,"11":1},"f":{"0":9,"1":5,"2":1},"b":{"0":[15,245],"1":[260,197],"2":[176,69],"3":[245,176]},"_coverageSchema":"1a1c01bbd47fc00a2c39e90264f33305004495a9","hash":"7e397f94a171c42fca90dc0b53abfcbec5b0a39a"}
,"/home/mikhail/WebstormProjects/nodejs-school2/src/cipher/encryptor.js": {"path":"/home/mikhail/WebstormProjects/nodejs-school2/src/cipher/encryptor.js","statementMap":{"0":{"start":{"line":6,"column":4},"end":{"line":22,"column":5}},"1":{"start":{"line":8,"column":12},"end":{"line":8,"column":38}},"2":{"start":{"line":9,"column":12},"end":{"line":9,"column":18}},"3":{"start":{"line":11,"column":12},"end":{"line":11,"column":38}},"4":{"start":{"line":12,"column":12},"end":{"line":12,"column":18}},"5":{"start":{"line":14,"column":12},"end":{"line":14,"column":36}},"6":{"start":{"line":15,"column":12},"end":{"line":15,"column":18}},"7":{"start":{"line":17,"column":12},"end":{"line":17,"column":36}},"8":{"start":{"line":18,"column":12},"end":{"line":18,"column":18}},"9":{"start":{"line":20,"column":12},"end":{"line":20,"column":32}},"10":{"start":{"line":21,"column":12},"end":{"line":21,"column":18}},"11":{"start":{"line":23,"column":4},"end":{"line":23,"column":16}}},"fnMap":{"0":{"name":"encoder","decl":{"start":{"line":5,"column":16},"end":{"line":5,"column":23}},"loc":{"start":{"line":5,"column":38},"end":{"line":24,"column":1}},"line":5}},"branchMap":{"0":{"loc":{"start":{"line":6,"column":4},"end":{"line":22,"column":5}},"type":"switch","locations":[{"start":{"line":7,"column":8},"end":{"line":9,"column":18}},{"start":{"line":10,"column":8},"end":{"line":12,"column":18}},{"start":{"line":13,"column":8},"end":{"line":15,"column":18}},{"start":{"line":16,"column":8},"end":{"line":18,"column":18}},{"start":{"line":19,"column":8},"end":{"line":21,"column":18}}],"line":6}},"s":{"0":13,"1":5,"2":5,"3":1,"4":1,"5":1,"6":1,"7":3,"8":3,"9":3,"10":3,"11":13},"f":{"0":13},"b":{"0":[5,1,1,3,3]},"_coverageSchema":"1a1c01bbd47fc00a2c39e90264f33305004495a9","hash":"3603b551a5f1b67c4aa4de6ccced792b21774c28"}
,"/home/mikhail/WebstormProjects/nodejs-school2/src/cipher/rot8.js": {"path":"/home/mikhail/WebstormProjects/nodejs-school2/src/cipher/rot8.js","statementMap":{"0":{"start":{"line":4,"column":4},"end":{"line":4,"column":29}},"1":{"start":{"line":8,"column":4},"end":{"line":8,"column":41}}},"fnMap":{"0":{"name":"rot8Encode","decl":{"start":{"line":3,"column":16},"end":{"line":3,"column":26}},"loc":{"start":{"line":3,"column":36},"end":{"line":5,"column":1}},"line":3},"1":{"name":"rot8Decode","decl":{"start":{"line":7,"column":16},"end":{"line":7,"column":26}},"loc":{"start":{"line":7,"column":36},"end":{"line":9,"column":1}},"line":7}},"branchMap":{},"s":{"0":1,"1":3},"f":{"0":1,"1":3},"b":{},"_coverageSchema":"1a1c01bbd47fc00a2c39e90264f33305004495a9","hash":"49788393ba63575770be91df680079dd1ac870f3"}
,"/home/mikhail/WebstormProjects/nodejs-school2/src/cli/options.js": {"path":"/home/mikhail/WebstormProjects/nodejs-school2/src/cli/options.js","statementMap":{"0":{"start":{"line":4,"column":4},"end":{"line":11,"column":5}},"1":{"start":{"line":5,"column":8},"end":{"line":7,"column":9}},"2":{"start":{"line":6,"column":12},"end":{"line":6,"column":24}},"3":{"start":{"line":8,"column":8},"end":{"line":8,"column":46}},"4":{"start":{"line":9,"column":11},"end":{"line":11,"column":5}},"5":{"start":{"line":10,"column":8},"end":{"line":10,"column":36}},"6":{"start":{"line":12,"column":4},"end":{"line":12,"column":16}}},"fnMap":{"0":{"name":"searchOption","decl":{"start":{"line":1,"column":16},"end":{"line":1,"column":28}},"loc":{"start":{"line":1,"column":47},"end":{"line":13,"column":1}},"line":1}},"branchMap":{"0":{"loc":{"start":{"line":4,"column":4},"end":{"line":11,"column":5}},"type":"if","locations":[{"start":{"line":4,"column":4},"end":{"line":11,"column":5}},{"start":{"line":9,"column":11},"end":{"line":11,"column":5}}],"line":4},"1":{"loc":{"start":{"line":5,"column":8},"end":{"line":7,"column":9}},"type":"if","locations":[{"start":{"line":5,"column":8},"end":{"line":7,"column":9}},{"start":{},"end":{}}],"line":5},"2":{"loc":{"start":{"line":9,"column":11},"end":{"line":11,"column":5}},"type":"if","locations":[{"start":{"line":9,"column":11},"end":{"line":11,"column":5}},{"start":{},"end":{}}],"line":9}},"s":{"0":30,"1":2,"2":1,"3":1,"4":28,"5":16,"6":12},"f":{"0":30},"b":{"0":[2,28],"1":[1,1],"2":[16,12]},"_coverageSchema":"1a1c01bbd47fc00a2c39e90264f33305004495a9","hash":"f0eb0290e742f1990931a60e23e38138eea6f519"}
,"/home/mikhail/WebstormProjects/nodejs-school2/src/cli/parse.js": {"path":"/home/mikhail/WebstormProjects/nodejs-school2/src/cli/parse.js","statementMap":{"0":{"start":{"line":2,"column":4},"end":{"line":2,"column":28}}},"fnMap":{"0":{"name":"parseConfig","decl":{"start":{"line":1,"column":16},"end":{"line":1,"column":27}},"loc":{"start":{"line":1,"column":35},"end":{"line":3,"column":1}},"line":1}},"branchMap":{},"s":{"0":4},"f":{"0":4},"b":{},"_coverageSchema":"1a1c01bbd47fc00a2c39e90264f33305004495a9","hash":"6e756e15f0d1af1e50a1b83cef6b36063ac02eb6"}
,"/home/mikhail/WebstormProjects/nodejs-school2/src/cli/validate.js": {"path":"/home/mikhail/WebstormProjects/nodejs-school2/src/cli/validate.js","statementMap":{"0":{"start":{"line":4,"column":4},"end":{"line":16,"column":5}},"1":{"start":{"line":4,"column":17},"end":{"line":4,"column":18}},"2":{"start":{"line":5,"column":8},"end":{"line":15,"column":9}},"3":{"start":{"line":7,"column":16},"end":{"line":7,"column":31}},"4":{"start":{"line":8,"column":16},"end":{"line":8,"column":22}},"5":{"start":{"line":10,"column":16},"end":{"line":10,"column":31}},"6":{"start":{"line":11,"column":16},"end":{"line":11,"column":22}},"7":{"start":{"line":13,"column":16},"end":{"line":13,"column":31}},"8":{"start":{"line":14,"column":16},"end":{"line":14,"column":22}},"9":{"start":{"line":17,"column":4},"end":{"line":21,"column":5}},"10":{"start":{"line":18,"column":8},"end":{"line":20,"column":9}},"11":{"start":{"line":18,"column":29},"end":{"line":18,"column":38}},"12":{"start":{"line":19,"column":12},"end":{"line":19,"column":66}},"13":{"start":{"line":22,"column":4},"end":{"line":22,"column":16}}},"fnMap":{"0":{"name":"validateCountOfArgs","decl":{"start":{"line":3,"column":16},"end":{"line":3,"column":35}},"loc":{"start":{"line":3,"column":42},"end":{"line":23,"column":1}},"line":3},"1":{"name":"(anonymous_1)","decl":{"start":{"line":18,"column":24},"end":{"line":18,"column":25}},"loc":{"start":{"line":18,"column":29},"end":{"line":18,"column":38}},"line":18}},"branchMap":{"0":{"loc":{"start":{"line":5,"column":8},"end":{"line":15,"column":9}},"type":"switch","locations":[{"start":{"line":6,"column":12},"end":{"line":8,"column":22}},{"start":{"line":9,"column":12},"end":{"line":11,"column":22}},{"start":{"line":12,"column":12},"end":{"line":14,"column":22}}],"line":5},"1":{"loc":{"start":{"line":18,"column":8},"end":{"line":20,"column":9}},"type":"if","locations":[{"start":{"line":18,"column":8},"end":{"line":20,"column":9}},{"start":{},"end":{}}],"line":18}},"s":{"0":10,"1":10,"2":47,"3":3,"4":3,"5":1,"6":1,"7":1,"8":1,"9":10,"10":45,"11":202,"12":3,"13":7},"f":{"0":10,"1":202},"b":{"0":[3,1,1],"1":[3,42]},"_coverageSchema":"1a1c01bbd47fc00a2c39e90264f33305004495a9","hash":"e40e54e7ad4643c9975112f5d0ba8b3044d31db5"}
,"/home/mikhail/WebstormProjects/nodejs-school2/src/errors/config.js": {"path":"/home/mikhail/WebstormProjects/nodejs-school2/src/errors/config.js","statementMap":{"0":{"start":{"line":3,"column":8},"end":{"line":3,"column":23}},"1":{"start":{"line":4,"column":8},"end":{"line":4,"column":34}}},"fnMap":{"0":{"name":"(anonymous_0)","decl":{"start":{"line":2,"column":4},"end":{"line":2,"column":5}},"loc":{"start":{"line":2,"column":25},"end":{"line":5,"column":5}},"line":2}},"branchMap":{},"s":{"0":6,"1":6},"f":{"0":6},"b":{},"_coverageSchema":"1a1c01bbd47fc00a2c39e90264f33305004495a9","hash":"7ca5b57da682326dd394dda1e6d54e0a7e77046e"}
,"/home/mikhail/WebstormProjects/nodejs-school2/src/errors/files.js": {"path":"/home/mikhail/WebstormProjects/nodejs-school2/src/errors/files.js","statementMap":{"0":{"start":{"line":3,"column":8},"end":{"line":3,"column":23}},"1":{"start":{"line":4,"column":8},"end":{"line":4,"column":36}}},"fnMap":{"0":{"name":"(anonymous_0)","decl":{"start":{"line":2,"column":4},"end":{"line":2,"column":5}},"loc":{"start":{"line":2,"column":25},"end":{"line":5,"column":5}},"line":2}},"branchMap":{},"s":{"0":5,"1":5},"f":{"0":5},"b":{},"_coverageSchema":"1a1c01bbd47fc00a2c39e90264f33305004495a9","hash":"d56f373b84b418e784edec1b065d8168609b7e43"}
,"/home/mikhail/WebstormProjects/nodejs-school2/src/errors/input.js": {"path":"/home/mikhail/WebstormProjects/nodejs-school2/src/errors/input.js","statementMap":{"0":{"start":{"line":3,"column":8},"end":{"line":3,"column":23}},"1":{"start":{"line":4,"column":8},"end":{"line":4,"column":33}}},"fnMap":{"0":{"name":"(anonymous_0)","decl":{"start":{"line":2,"column":4},"end":{"line":2,"column":5}},"loc":{"start":{"line":2,"column":25},"end":{"line":5,"column":5}},"line":2}},"branchMap":{},"s":{"0":2,"1":2},"f":{"0":2},"b":{},"_coverageSchema":"1a1c01bbd47fc00a2c39e90264f33305004495a9","hash":"cfe053a0d7e662fff474dc6818f251c064ab43c2"}
,"/home/mikhail/WebstormProjects/nodejs-school2/src/errors/output.js": {"path":"/home/mikhail/WebstormProjects/nodejs-school2/src/errors/output.js","statementMap":{"0":{"start":{"line":3,"column":8},"end":{"line":3,"column":23}},"1":{"start":{"line":4,"column":8},"end":{"line":4,"column":34}}},"fnMap":{"0":{"name":"(anonymous_0)","decl":{"start":{"line":2,"column":4},"end":{"line":2,"column":5}},"loc":{"start":{"line":2,"column":25},"end":{"line":5,"column":5}},"line":2}},"branchMap":{},"s":{"0":2,"1":2},"f":{"0":2},"b":{},"_coverageSchema":"1a1c01bbd47fc00a2c39e90264f33305004495a9","hash":"08ab1c0199131e378b287c35040ae630c5706e78"}
,"/home/mikhail/WebstormProjects/nodejs-school2/src/streams/read.js": {"path":"/home/mikhail/WebstormProjects/nodejs-school2/src/streams/read.js","statementMap":{"0":{"start":{"line":8,"column":8},"end":{"line":10,"column":9}},"1":{"start":{"line":9,"column":12},"end":{"line":9,"column":79}},"2":{"start":{"line":11,"column":8},"end":{"line":11,"column":16}},"3":{"start":{"line":12,"column":8},"end":{"line":12,"column":33}},"4":{"start":{"line":13,"column":8},"end":{"line":13,"column":23}},"5":{"start":{"line":16,"column":8},"end":{"line":19,"column":11}},"6":{"start":{"line":17,"column":12},"end":{"line":17,"column":25}},"7":{"start":{"line":18,"column":12},"end":{"line":18,"column":23}},"8":{"start":{"line":22,"column":20},"end":{"line":22,"column":35}},"9":{"start":{"line":23,"column":8},"end":{"line":29,"column":11}},"10":{"start":{"line":24,"column":12},"end":{"line":28,"column":13}},"11":{"start":{"line":25,"column":16},"end":{"line":25,"column":34}},"12":{"start":{"line":27,"column":16},"end":{"line":27,"column":74}},"13":{"start":{"line":32,"column":8},"end":{"line":36,"column":9}},"14":{"start":{"line":33,"column":12},"end":{"line":33,"column":59}},"15":{"start":{"line":33,"column":38},"end":{"line":33,"column":57}},"16":{"start":{"line":35,"column":12},"end":{"line":35,"column":26}}},"fnMap":{"0":{"name":"(anonymous_0)","decl":{"start":{"line":7,"column":4},"end":{"line":7,"column":5}},"loc":{"start":{"line":7,"column":26},"end":{"line":14,"column":5}},"line":7},"1":{"name":"(anonymous_1)","decl":{"start":{"line":15,"column":4},"end":{"line":15,"column":5}},"loc":{"start":{"line":15,"column":25},"end":{"line":20,"column":5}},"line":15},"2":{"name":"(anonymous_2)","decl":{"start":{"line":16,"column":36},"end":{"line":16,"column":37}},"loc":{"start":{"line":16,"column":49},"end":{"line":19,"column":9}},"line":16},"3":{"name":"(anonymous_3)","decl":{"start":{"line":21,"column":4},"end":{"line":21,"column":5}},"loc":{"start":{"line":21,"column":13},"end":{"line":30,"column":5}},"line":21},"4":{"name":"(anonymous_4)","decl":{"start":{"line":23,"column":42},"end":{"line":23,"column":43}},"loc":{"start":{"line":23,"column":62},"end":{"line":29,"column":9}},"line":23},"5":{"name":"(anonymous_5)","decl":{"start":{"line":31,"column":4},"end":{"line":31,"column":5}},"loc":{"start":{"line":31,"column":28},"end":{"line":37,"column":5}},"line":31},"6":{"name":"(anonymous_6)","decl":{"start":{"line":33,"column":30},"end":{"line":33,"column":31}},"loc":{"start":{"line":33,"column":38},"end":{"line":33,"column":57}},"line":33}},"branchMap":{"0":{"loc":{"start":{"line":8,"column":8},"end":{"line":10,"column":9}},"type":"if","locations":[{"start":{"line":8,"column":8},"end":{"line":10,"column":9}},{"start":{},"end":{}}],"line":8},"1":{"loc":{"start":{"line":24,"column":12},"end":{"line":28,"column":13}},"type":"if","locations":[{"start":{"line":24,"column":12},"end":{"line":28,"column":13}},{"start":{"line":26,"column":19},"end":{"line":28,"column":13}}],"line":24},"2":{"loc":{"start":{"line":27,"column":26},"end":{"line":27,"column":72}},"type":"cond-expr","locations":[{"start":{"line":27,"column":42},"end":{"line":27,"column":65}},{"start":{"line":27,"column":68},"end":{"line":27,"column":72}}],"line":27},"3":{"loc":{"start":{"line":32,"column":8},"end":{"line":36,"column":9}},"type":"if","locations":[{"start":{"line":32,"column":8},"end":{"line":36,"column":9}},{"start":{"line":34,"column":15},"end":{"line":36,"column":9}}],"line":32},"4":{"loc":{"start":{"line":33,"column":47},"end":{"line":33,"column":56}},"type":"binary-expr","locations":[{"start":{"line":33,"column":47},"end":{"line":33,"column":49}},{"start":{"line":33,"column":53},"end":{"line":33,"column":56}}],"line":33}},"s":{"0":7,"1":2,"2":5,"3":5,"4":5,"5":5,"6":5,"7":5,"8":8,"9":8,"10":8,"11":0,"12":8,"13":4,"14":4,"15":1,"16":0},"f":{"0":7,"1":5,"2":5,"3":8,"4":8,"5":4,"6":1},"b":{"0":[2,5],"1":[0,8],"2":[4,4],"3":[4,0],"4":[1,1]},"_coverageSchema":"1a1c01bbd47fc00a2c39e90264f33305004495a9","hash":"9680b92a3d7f14323fa874e216f851f4af28a285"}
,"/home/mikhail/WebstormProjects/nodejs-school2/src/streams/transform.js": {"path":"/home/mikhail/WebstormProjects/nodejs-school2/src/streams/transform.js","statementMap":{"0":{"start":{"line":6,"column":8},"end":{"line":6,"column":16}},"1":{"start":{"line":7,"column":8},"end":{"line":7,"column":29}},"2":{"start":{"line":11,"column":8},"end":{"line":17,"column":9}},"3":{"start":{"line":12,"column":33},"end":{"line":12,"column":71}},"4":{"start":{"line":14,"column":12},"end":{"line":14,"column":41}},"5":{"start":{"line":16,"column":12},"end":{"line":16,"column":26}},"6":{"start":{"line":22,"column":4},"end":{"line":24,"column":5}},"7":{"start":{"line":23,"column":8},"end":{"line":23,"column":49}},"8":{"start":{"line":25,"column":4},"end":{"line":25,"column":18}}},"fnMap":{"0":{"name":"(anonymous_0)","decl":{"start":{"line":5,"column":4},"end":{"line":5,"column":5}},"loc":{"start":{"line":5,"column":24},"end":{"line":8,"column":5}},"line":5},"1":{"name":"(anonymous_1)","decl":{"start":{"line":10,"column":4},"end":{"line":10,"column":5}},"loc":{"start":{"line":10,"column":42},"end":{"line":18,"column":5}},"line":10},"2":{"name":"transformText","decl":{"start":{"line":21,"column":16},"end":{"line":21,"column":29}},"loc":{"start":{"line":21,"column":46},"end":{"line":26,"column":1}},"line":21}},"branchMap":{},"s":{"0":9,"1":9,"2":8,"3":8,"4":8,"5":0,"6":2,"7":8,"8":2},"f":{"0":9,"1":8,"2":2},"b":{},"_coverageSchema":"1a1c01bbd47fc00a2c39e90264f33305004495a9","hash":"46405a28c18ec3fc4fe415073837996cd928f71b"}
,"/home/mikhail/WebstormProjects/nodejs-school2/src/streams/write.js": {"path":"/home/mikhail/WebstormProjects/nodejs-school2/src/streams/write.js","statementMap":{"0":{"start":{"line":8,"column":8},"end":{"line":10,"column":9}},"1":{"start":{"line":9,"column":12},"end":{"line":9,"column":80}},"2":{"start":{"line":11,"column":8},"end":{"line":11,"column":16}},"3":{"start":{"line":12,"column":8},"end":{"line":12,"column":33}},"4":{"start":{"line":15,"column":8},"end":{"line":22,"column":11}},"5":{"start":{"line":16,"column":12},"end":{"line":21,"column":13}},"6":{"start":{"line":17,"column":16},"end":{"line":17,"column":30}},"7":{"start":{"line":19,"column":16},"end":{"line":19,"column":29}},"8":{"start":{"line":20,"column":16},"end":{"line":20,"column":27}},"9":{"start":{"line":25,"column":8},"end":{"line":25,"column":43}},"10":{"start":{"line":28,"column":8},"end":{"line":32,"column":9}},"11":{"start":{"line":29,"column":12},"end":{"line":29,"column":59}},"12":{"start":{"line":29,"column":38},"end":{"line":29,"column":57}},"13":{"start":{"line":31,"column":12},"end":{"line":31,"column":26}}},"fnMap":{"0":{"name":"(anonymous_0)","decl":{"start":{"line":7,"column":4},"end":{"line":7,"column":5}},"loc":{"start":{"line":7,"column":26},"end":{"line":13,"column":5}},"line":7},"1":{"name":"(anonymous_1)","decl":{"start":{"line":14,"column":4},"end":{"line":14,"column":5}},"loc":{"start":{"line":14,"column":25},"end":{"line":23,"column":5}},"line":14},"2":{"name":"(anonymous_2)","decl":{"start":{"line":15,"column":36},"end":{"line":15,"column":37}},"loc":{"start":{"line":15,"column":49},"end":{"line":22,"column":9}},"line":15},"3":{"name":"(anonymous_3)","decl":{"start":{"line":24,"column":4},"end":{"line":24,"column":5}},"loc":{"start":{"line":24,"column":38},"end":{"line":26,"column":5}},"line":24},"4":{"name":"(anonymous_4)","decl":{"start":{"line":27,"column":4},"end":{"line":27,"column":5}},"loc":{"start":{"line":27,"column":28},"end":{"line":33,"column":5}},"line":27},"5":{"name":"(anonymous_5)","decl":{"start":{"line":29,"column":30},"end":{"line":29,"column":31}},"loc":{"start":{"line":29,"column":38},"end":{"line":29,"column":57}},"line":29}},"branchMap":{"0":{"loc":{"start":{"line":8,"column":8},"end":{"line":10,"column":9}},"type":"if","locations":[{"start":{"line":8,"column":8},"end":{"line":10,"column":9}},{"start":{},"end":{}}],"line":8},"1":{"loc":{"start":{"line":16,"column":12},"end":{"line":21,"column":13}},"type":"if","locations":[{"start":{"line":16,"column":12},"end":{"line":21,"column":13}},{"start":{"line":18,"column":19},"end":{"line":21,"column":13}}],"line":16},"2":{"loc":{"start":{"line":28,"column":8},"end":{"line":32,"column":9}},"type":"if","locations":[{"start":{"line":28,"column":8},"end":{"line":32,"column":9}},{"start":{"line":30,"column":15},"end":{"line":32,"column":9}}],"line":28},"3":{"loc":{"start":{"line":29,"column":47},"end":{"line":29,"column":56}},"type":"binary-expr","locations":[{"start":{"line":29,"column":47},"end":{"line":29,"column":49}},{"start":{"line":29,"column":53},"end":{"line":29,"column":56}}],"line":29}},"s":{"0":7,"1":2,"2":5,"3":5,"4":5,"5":5,"6":1,"7":4,"8":4,"9":3,"10":4,"11":3,"12":1,"13":1},"f":{"0":7,"1":5,"2":5,"3":3,"4":4,"5":1},"b":{"0":[2,5],"1":[1,4],"2":[3,1],"3":[1,1]},"_coverageSchema":"1a1c01bbd47fc00a2c39e90264f33305004495a9","hash":"ada56334d7a357e93bc064228d4d91fd94358d40"}
}
