TN:
SF:index.js
FN:12,main
FN:57,(anonymous_1)
FNF:2
FNH:2
FNDA:7,main
FNDA:1,(anonymous_1)
DA:13,7
DA:14,7
DA:15,7
DA:21,7
DA:22,7
DA:23,21
DA:24,10
DA:28,7
DA:29,5
DA:30,1
DA:32,4
DA:33,1
DA:35,3
DA:37,3
DA:38,1
DA:39,2
DA:40,1
DA:42,1
DA:44,2
DA:45,1
DA:46,1
DA:47,0
DA:49,1
DA:51,1
DA:52,0
DA:56,1
DA:57,1
DA:58,1
LF:28
LH:26
BRDA:23,0,0,10
BRDA:23,0,1,11
BRDA:29,1,0,1
BRDA:29,1,1,4
BRDA:32,2,0,1
BRDA:32,2,1,3
BRDA:37,3,0,1
BRDA:37,3,1,2
BRDA:39,4,0,1
BRDA:39,4,1,1
BRDA:44,5,0,1
BRDA:44,5,1,1
BRDA:46,6,0,0
BRDA:46,6,1,1
BRDA:51,7,0,0
BRDA:51,7,1,1
BRF:16
BRH:14
end_of_record
TN:
SF:my_ciphering_cli.js
FN:4,(anonymous_0)
FNF:1
FNH:0
FNDA:0,(anonymous_0)
DA:3,0
DA:4,0
DA:6,0
DA:7,0
LF:4
LH:0
BRF:0
BRH:0
end_of_record
TN:
SF:src/cipher/atbash.js
FN:1,atbash
FNF:1
FNH:1
FNDA:3,atbash
DA:2,3
DA:3,3
DA:4,86
DA:5,86
DA:6,6
DA:7,6
DA:8,6
DA:9,6
DA:11,80
DA:12,57
DA:13,57
DA:14,57
DA:15,57
DA:18,23
DA:21,3
LF:15
LH:15
BRDA:5,0,0,6
BRDA:5,0,1,80
BRDA:5,1,0,86
BRDA:5,1,1,65
BRDA:11,2,0,57
BRDA:11,2,1,23
BRDA:11,3,0,80
BRDA:11,3,1,57
BRF:8
BRH:8
end_of_record
TN:
SF:src/cipher/caesar.js
FN:1,caesar
FN:18,caesarEncode
FN:22,caesarDecode
FNF:3
FNH:3
FNDA:9,caesar
FNDA:5,caesarEncode
FNDA:1,caesarDecode
DA:2,9
DA:3,9
DA:4,260
DA:5,260
DA:6,15
DA:8,245
DA:9,176
DA:12,69
DA:15,9
DA:19,5
DA:23,1
LF:11
LH:11
BRDA:5,0,0,15
BRDA:5,0,1,245
BRDA:5,1,0,260
BRDA:5,1,1,197
BRDA:8,2,0,176
BRDA:8,2,1,69
BRDA:8,3,0,245
BRDA:8,3,1,176
BRF:8
BRH:8
end_of_record
TN:
SF:src/cipher/encryptor.js
FN:5,encoder
FNF:1
FNH:1
FNDA:13,encoder
DA:6,13
DA:8,5
DA:9,5
DA:11,1
DA:12,1
DA:14,1
DA:15,1
DA:17,3
DA:18,3
DA:20,3
DA:21,3
DA:23,13
LF:12
LH:12
BRDA:6,0,0,5
BRDA:6,0,1,1
BRDA:6,0,2,1
BRDA:6,0,3,3
BRDA:6,0,4,3
BRF:5
BRH:5
end_of_record
TN:
SF:src/cipher/rot8.js
FN:3,rot8Encode
FN:7,rot8Decode
FNF:2
FNH:2
FNDA:1,rot8Encode
FNDA:3,rot8Decode
DA:4,1
DA:8,3
LF:2
LH:2
BRF:0
BRH:0
end_of_record
TN:
SF:src/cli/options.js
FN:1,searchOption
FNF:1
FNH:1
FNDA:30,searchOption
DA:4,30
DA:5,2
DA:6,1
DA:8,1
DA:9,28
DA:10,16
DA:12,12
LF:7
LH:7
BRDA:4,0,0,2
BRDA:4,0,1,28
BRDA:5,1,0,1
BRDA:5,1,1,1
BRDA:9,2,0,16
BRDA:9,2,1,12
BRF:6
BRH:6
end_of_record
TN:
SF:src/cli/parse.js
FN:1,parseConfig
FNF:1
FNH:1
FNDA:4,parseConfig
DA:2,4
LF:1
LH:1
BRF:0
BRH:0
end_of_record
TN:
SF:src/cli/validate.js
FN:3,validateCountOfArgs
FN:18,(anonymous_1)
FNF:2
FNH:2
FNDA:10,validateCountOfArgs
FNDA:202,(anonymous_1)
DA:4,10
DA:5,47
DA:7,3
DA:8,3
DA:10,1
DA:11,1
DA:13,1
DA:14,1
DA:17,10
DA:18,202
DA:19,3
DA:22,7
LF:12
LH:12
BRDA:5,0,0,3
BRDA:5,0,1,1
BRDA:5,0,2,1
BRDA:18,1,0,3
BRDA:18,1,1,42
BRF:5
BRH:5
end_of_record
TN:
SF:src/errors/config.js
FN:2,(anonymous_0)
FNF:1
FNH:1
FNDA:6,(anonymous_0)
DA:3,6
DA:4,6
LF:2
LH:2
BRF:0
BRH:0
end_of_record
TN:
SF:src/errors/files.js
FN:2,(anonymous_0)
FNF:1
FNH:1
FNDA:5,(anonymous_0)
DA:3,5
DA:4,5
LF:2
LH:2
BRF:0
BRH:0
end_of_record
TN:
SF:src/errors/input.js
FN:2,(anonymous_0)
FNF:1
FNH:1
FNDA:2,(anonymous_0)
DA:3,2
DA:4,2
LF:2
LH:2
BRF:0
BRH:0
end_of_record
TN:
SF:src/errors/output.js
FN:2,(anonymous_0)
FNF:1
FNH:1
FNDA:2,(anonymous_0)
DA:3,2
DA:4,2
LF:2
LH:2
BRF:0
BRH:0
end_of_record
TN:
SF:src/streams/read.js
FN:7,(anonymous_0)
FN:15,(anonymous_1)
FN:16,(anonymous_2)
FN:21,(anonymous_3)
FN:23,(anonymous_4)
FN:31,(anonymous_5)
FN:33,(anonymous_6)
FNF:7
FNH:7
FNDA:7,(anonymous_0)
FNDA:5,(anonymous_1)
FNDA:5,(anonymous_2)
FNDA:8,(anonymous_3)
FNDA:8,(anonymous_4)
FNDA:4,(anonymous_5)
FNDA:1,(anonymous_6)
DA:8,7
DA:9,2
DA:11,5
DA:12,5
DA:13,5
DA:16,5
DA:17,5
DA:18,5
DA:22,8
DA:23,8
DA:24,8
DA:25,0
DA:27,8
DA:32,4
DA:33,4
DA:35,0
LF:16
LH:14
BRDA:8,0,0,2
BRDA:8,0,1,5
BRDA:24,1,0,0
BRDA:24,1,1,8
BRDA:27,2,0,4
BRDA:27,2,1,4
BRDA:32,3,0,4
BRDA:32,3,1,0
BRDA:33,4,0,1
BRDA:33,4,1,1
BRF:10
BRH:8
end_of_record
TN:
SF:src/streams/transform.js
FN:5,(anonymous_0)
FN:10,(anonymous_1)
FN:21,transformText
FNF:3
FNH:3
FNDA:9,(anonymous_0)
FNDA:8,(anonymous_1)
FNDA:2,transformText
DA:6,9
DA:7,9
DA:11,8
DA:12,8
DA:14,8
DA:16,0
DA:22,2
DA:23,8
DA:25,2
LF:9
LH:8
BRF:0
BRH:0
end_of_record
TN:
SF:src/streams/write.js
FN:7,(anonymous_0)
FN:14,(anonymous_1)
FN:15,(anonymous_2)
FN:24,(anonymous_3)
FN:27,(anonymous_4)
FN:29,(anonymous_5)
FNF:6
FNH:6
FNDA:7,(anonymous_0)
FNDA:5,(anonymous_1)
FNDA:5,(anonymous_2)
FNDA:3,(anonymous_3)
FNDA:4,(anonymous_4)
FNDA:1,(anonymous_5)
DA:8,7
DA:9,2
DA:11,5
DA:12,5
DA:15,5
DA:16,5
DA:17,1
DA:19,4
DA:20,4
DA:25,3
DA:28,4
DA:29,3
DA:31,1
LF:13
LH:13
BRDA:8,0,0,2
BRDA:8,0,1,5
BRDA:16,1,0,1
BRDA:16,1,1,4
BRDA:28,2,0,3
BRDA:28,2,1,1
BRDA:29,3,0,1
BRDA:29,3,1,1
BRF:8
BRH:8
end_of_record
